<?xml version="1.0" encoding="UTF-8"?>
<testsuite xmlns:xsi="http://www.w3.org/2001/XMLSchema-instance" xsi:noNamespaceSchemaLocation="https://maven.apache.org/surefire/maven-surefire-plugin/xsd/surefire-test-report.xsd" name="ru.jdk.ViewTest" time="0.248" tests="2" errors="0" skipped="0" failures="0">
  <properties>
[...]
</properties>
  <testcase name="receiveListPersonsTest" classname="ru.jdk.ViewTest" time="0.216"/>
  <testcase name="infoAboutPersonByIdTest" classname="ru.jdk.ViewTest" time="0.008"/>
</testsuite>